<?xml version="1.0" encoding="UTF-8"?>
<testng-results skipped="0" failed="0" total="2" passed="2">
  <reporter-output>
  </reporter-output>
  <suite name="all" duration-ms="0" started-at="2019-04-12T15:13:44Z" finished-at="2019-04-12T15:13:44Z">
    <groups>
    </groups>
  </suite> <!-- all -->
  <suite name="Suite" duration-ms="8738" started-at="2019-04-12T15:13:34Z" finished-at="2019-04-12T15:13:43Z">
    <groups>
    </groups>
    <test name="Test" duration-ms="8738" started-at="2019-04-12T15:13:34Z" finished-at="2019-04-12T15:13:43Z">
      <class name="com.app.testscripts.InputForm">
        <test-method status="PASS" signature="setUp()[pri:0, instance:com.app.testscripts.InputForm@7cd62f43]" name="setUp" is-config="true" duration-ms="40771" started-at="2019-04-12T20:42:10Z" finished-at="2019-04-12T20:42:51Z">
          <reporter-output>
          </reporter-output>
        </test-method> <!-- setUp -->
        <test-method status="PASS" signature="TestAlert()[pri:0, instance:com.app.testscripts.InputForm@7cd62f43]" name="TestAlert" duration-ms="15347" started-at="2019-04-12T20:42:51Z" finished-at="2019-04-12T20:43:06Z">
          <reporter-output>
          </reporter-output>
        </test-method> <!-- TestAlert -->
        <test-method status="PASS" signature="afterMainMethod()[pri:0, instance:com.app.testscripts.InputForm@7cd62f43]" name="afterMainMethod" is-config="true" duration-ms="1434" started-at="2019-04-12T20:43:06Z" finished-at="2019-04-12T20:43:08Z">
          <reporter-output>
          </reporter-output>
        </test-method> <!-- afterMainMethod -->
        <test-method status="PASS" signature="setUp()[pri:0, instance:com.app.testscripts.InputForm@7cd62f43]" name="setUp" is-config="true" duration-ms="26322" started-at="2019-04-12T20:43:08Z" finished-at="2019-04-12T20:43:34Z">
          <reporter-output>
          </reporter-output>
        </test-method> <!-- setUp -->
        <test-method status="PASS" signature="TestAlert()[pri:0, instance:com.app.testscripts.InputForm@7cd62f43]" name="TestAlert" duration-ms="8733" started-at="2019-04-12T20:43:34Z" finished-at="2019-04-12T20:43:43Z">
          <reporter-output>
          </reporter-output>
        </test-method> <!-- TestAlert -->
        <test-method status="PASS" signature="afterMainMethod()[pri:0, instance:com.app.testscripts.InputForm@7cd62f43]" name="afterMainMethod" is-config="true" duration-ms="1171" started-at="2019-04-12T20:43:43Z" finished-at="2019-04-12T20:43:44Z">
          <reporter-output>
          </reporter-output>
        </test-method> <!-- afterMainMethod -->
      </class> <!-- com.app.testscripts.InputForm -->
    </test> <!-- Test -->
  </suite> <!-- Suite -->
</testng-results>
