<?xml version="1.0" encoding="UTF-8"?>
<testng-results skipped="0" failed="0" total="1" passed="1">
  <reporter-output>
  </reporter-output>
  <suite name="Suite" duration-ms="6983" started-at="2019-04-14T19:25:15Z" finished-at="2019-04-14T19:25:22Z">
    <groups>
    </groups>
    <test name="Test" duration-ms="6983" started-at="2019-04-14T19:25:15Z" finished-at="2019-04-14T19:25:22Z">
      <class name="com.app.testscripts.AlertModal">
        <test-method status="PASS" signature="setUp()[pri:0, instance:com.app.testscripts.AlertModal@7823a2f9]" name="setUp" is-config="true" duration-ms="24241" started-at="2019-04-15T00:54:50Z" finished-at="2019-04-15T00:55:15Z">
          <reporter-output>
          </reporter-output>
        </test-method> <!-- setUp -->
        <test-method status="PASS" signature="TestAlert()[pri:0, instance:com.app.testscripts.AlertModal@7823a2f9]" name="TestAlert" duration-ms="6960" started-at="2019-04-15T00:55:15Z" finished-at="2019-04-15T00:55:22Z">
          <reporter-output>
          </reporter-output>
        </test-method> <!-- TestAlert -->
        <test-method status="PASS" signature="afterMainMethod()[pri:0, instance:com.app.testscripts.AlertModal@7823a2f9]" name="afterMainMethod" is-config="true" duration-ms="3298" started-at="2019-04-15T00:55:22Z" finished-at="2019-04-15T00:55:25Z">
          <reporter-output>
          </reporter-output>
        </test-method> <!-- afterMainMethod -->
      </class> <!-- com.app.testscripts.AlertModal -->
    </test> <!-- Test -->
  </suite> <!-- Suite -->
</testng-results>
