<?xml version="1.0" encoding="UTF-8"?>
<testng-results skipped="0" failed="0" total="2" passed="2">
  <reporter-output>
  </reporter-output>
  <suite name="all" duration-ms="0" started-at="2019-04-12T20:37:50Z" finished-at="2019-04-12T20:37:50Z">
    <groups>
    </groups>
  </suite> <!-- all -->
  <suite name="Suite" duration-ms="16892" started-at="2019-04-12T20:37:31Z" finished-at="2019-04-12T20:37:48Z">
    <groups>
    </groups>
    <test name="Test" duration-ms="16892" started-at="2019-04-12T20:37:31Z" finished-at="2019-04-12T20:37:48Z">
      <class name="com.app.testscripts.InputForm">
        <test-method status="PASS" signature="setUp()[pri:0, instance:com.app.testscripts.InputForm@2812cbfa]" name="setUp" is-config="true" duration-ms="35660" started-at="2019-04-13T02:06:06Z" finished-at="2019-04-13T02:06:41Z">
          <reporter-output>
          </reporter-output>
        </test-method> <!-- setUp -->
        <test-method status="PASS" signature="TestInputForm()[pri:0, instance:com.app.testscripts.InputForm@2812cbfa]" name="TestInputForm" duration-ms="15834" started-at="2019-04-13T02:06:41Z" finished-at="2019-04-13T02:06:57Z">
          <reporter-output>
          </reporter-output>
        </test-method> <!-- TestInputForm -->
        <test-method status="PASS" signature="afterMainMethod()[pri:0, instance:com.app.testscripts.InputForm@2812cbfa]" name="afterMainMethod" is-config="true" duration-ms="2122" started-at="2019-04-13T02:06:57Z" finished-at="2019-04-13T02:06:59Z">
          <reporter-output>
          </reporter-output>
        </test-method> <!-- afterMainMethod -->
        <test-method status="PASS" signature="setUp()[pri:0, instance:com.app.testscripts.InputForm@2812cbfa]" name="setUp" is-config="true" duration-ms="32039" started-at="2019-04-13T02:06:59Z" finished-at="2019-04-13T02:07:31Z">
          <reporter-output>
          </reporter-output>
        </test-method> <!-- setUp -->
        <test-method status="PASS" signature="TestInputForm()[pri:0, instance:com.app.testscripts.InputForm@2812cbfa]" name="TestInputForm" duration-ms="16891" started-at="2019-04-13T02:07:31Z" finished-at="2019-04-13T02:07:48Z">
          <reporter-output>
          </reporter-output>
        </test-method> <!-- TestInputForm -->
        <test-method status="PASS" signature="afterMainMethod()[pri:0, instance:com.app.testscripts.InputForm@2812cbfa]" name="afterMainMethod" is-config="true" duration-ms="1177" started-at="2019-04-13T02:07:48Z" finished-at="2019-04-13T02:07:50Z">
          <reporter-output>
          </reporter-output>
        </test-method> <!-- afterMainMethod -->
      </class> <!-- com.app.testscripts.InputForm -->
    </test> <!-- Test -->
  </suite> <!-- Suite -->
</testng-results>
